The SAS System

Obs    trt    male    age    y1    y2    y3    y4    y5

  1     0       0      33    75    76    69    62     .
  2     1       0      50    86    89    85    76    69
  3     1       0      23    90    87    88    91    78
  4     1       0      35    91    93    89    87    83
  5     1       1      53    72    67     .     .     .
  6     0       0      36    75    74     .     .     .
  7     0       0      49    87    90    93    91    98
  8     0       1      51    96     .     .     .     .
  9     0       0      35    76    72    81    81    81
 10     0       1      32    73    72     .     .     .
 11     0       1      34    81     .     .     .     .
 12     1       0      50    71    67    56    53     .
 13     0       1      51    71     .     .     .     .
 14     0       0      22    98    92    95    91    89
 15     0       1      19    81    69     .     .     .
 16     1       1      24    95    97    94    91    94
 17     0       0      45    74    76    73    74    63
 18     0       0      39    96    92    95    89    91
 19     0       0      38    88    90    78    78     .
 20     1       0      44    78    80    83    80    73
The SAS System

Obs    nobs0    nobs1    label                              dname      Nreps    complete     bcalba     bcauba    Estimate     bcalb      bcaub      ratio

 1      250      250     Treatment group 0                 example1    10000     78.4516    76.8920    79.9819     74.8038    73.1139    76.2394    1.02749
 2      250      250     Treatment group 1                 example1    10000     82.0452    80.3947    83.6352     77.9754    76.3321    79.4678    0.95902
 3      250      250     Difference (group 1 - group 0)    example1    10000      3.5935     1.3448     5.8831      3.1716     1.2633     5.2993    0.80658
The SAS System

       macro     data                   model
Obs    Type      Type       model        Type      trt    tpt       Status    convgMessage                                              n

  1    TMLE     Main      Dropout      Logistic     0      1             0    Convergence criterion (GCONV=1E-9) satisfied.             1
  2    TMLE     Main      Dropout      Logistic     0      2             0    Convergence criterion (GCONV=1E-9) satisfied.             1
  3    TMLE     Main      Dropout      Logistic     0      3             0    Convergence criterion (GCONV=1E-9) satisfied.             1
  4    TMLE     Main      Dropout      Logistic     0      4             0    Convergence criterion (GCONV=1E-9) satisfied.             1
  5    TMLE     Main      Dropout      Logistic     1      1             0    Convergence criterion (GCONV=1E-9) satisfied.             1
  6    TMLE     Main      Dropout      Logistic     1      2             0    Convergence criterion (GCONV=1E-9) satisfied.             1
  7    TMLE     Main      Dropout      Logistic     1      3             0    Convergence criterion (GCONV=1E-9) satisfied.             1
  8    TMLE     Main      Dropout      Logistic     1      4             0    Convergence criterion (GCONV=1E-9) satisfied.             1
  9    TMLE     Main      Outcome      Linear       0      1             0    Algorithm converged.                                      1
 10    TMLE     Main      Outcome      Linear       0      2             0    Algorithm converged.                                      1
 11    TMLE     Main      Outcome      Linear       0      3             0    Algorithm converged.                                      1
 12    TMLE     Main      Outcome      Linear       0      4             0    Algorithm converged.                                      1
 13    TMLE     Main      Outcome      Linear       1      1             0    Algorithm converged.                                      1
 14    TMLE     Main      Outcome      Linear       1      2             0    Algorithm converged.                                      1
 15    TMLE     Main      Outcome      Linear       1      3             0    Algorithm converged.                                      1
 16    TMLE     Main      Outcome      Linear       1      4             0    Algorithm converged.                                      1
 17    TMLE     Main      Treatment    Logistic     .      .             0    Convergence criterion (GCONV=1E-9) satisfied.             1
 18    TMLE     Sample    Dropout      Logistic     0      1             0    Convergence criterion (GCONV=1E-9) satisfied.          9996
 19    TMLE     Sample    Dropout      Logistic     0      1             1    Quasi-complete separation of data points detected.        4
 20    TMLE     Sample    Dropout      Logistic     0      2             0    Convergence criterion (GCONV=1E-9) satisfied.         10000
 21    TMLE     Sample    Dropout      Logistic     0      3             0    Convergence criterion (GCONV=1E-9) satisfied.         10000
 22    TMLE     Sample    Dropout      Logistic     0      4             0    Convergence criterion (GCONV=1E-9) satisfied.          9998
 23    TMLE     Sample    Dropout      Logistic     0      4             1    Quasi-complete separation of data points detected.        2
 24    TMLE     Sample    Dropout      Logistic     1      1             0    Convergence criterion (GCONV=1E-9) satisfied.          9992
 25    TMLE     Sample    Dropout      Logistic     1      1             1    Quasi-complete separation of data points detected.        8
 26    TMLE     Sample    Dropout      Logistic     1      2             0    Convergence criterion (GCONV=1E-9) satisfied.         10000
 27    TMLE     Sample    Dropout      Logistic     1      3             0    Convergence criterion (GCONV=1E-9) satisfied.         10000
 28    TMLE     Sample    Dropout      Logistic     1      4             0    Convergence criterion (GCONV=1E-9) satisfied.         10000
 29    TMLE     Sample    Outcome      Linear       0      1             0    Algorithm converged.                                  10000
 30    TMLE     Sample    Outcome      Linear       0      2             0    Algorithm converged.                                  10000
 31    TMLE     Sample    Outcome      Linear       0      3             0    Algorithm converged.                                  10000
 32    TMLE     Sample    Outcome      Linear       0      4             0    Algorithm converged.                                  10000
 33    TMLE     Sample    Outcome      Linear       1      1             0    Algorithm converged.                                  10000
 34    TMLE     Sample    Outcome      Linear       1      2             0    Algorithm converged.                                  10000
 35    TMLE     Sample    Outcome      Linear       1      3             0    Algorithm converged.                                  10000
 36    TMLE     Sample    Outcome      Linear       1      4             0    Algorithm converged.                                  10000
 37    TMLE     Sample    Treatment    Logistic     .      .             0    Convergence criterion (GCONV=1E-9) satisfied.         10000
The SAS System

                                                                                                                                                     Number
    Obs    trt    sample    male    age    y1    y2    y3    y4    y5    _uid    _r0    _r1    _r2    _r3    _dd    _lastt    _nvalues    _ninter     Hits

      1     0        1        0      33    75    76    69    62     .      1      1      1      1      0      .        4          4          0          2  
      2     0        1        0      33    75    76    69    62     .      1      1      1      1      0      .        4          4          0          2  
      3     1        1        0      50    86    89    85    76    69      2      1      1      1      1      0        5          5          0          1  
      4     1        1        0      23    90    87    88    91    78      3      1      1      1      1      0        5          5          0          1  
      5     1        1        0      35    91    93    89    87    83      4      1      1      1      1      0        5          5          0          2  
      6     1        1        0      35    91    93    89    87    83      4      1      1      1      1      0        5          5          0          2  
      7     0        1        0      36    75    74     .     .     .      6      1      0      .      .      .        2          2          0          2  
      8     0        1        0      36    75    74     .     .     .      6      1      0      .      .      .        2          2          0          2  
      9     0        1        0      35    76    72    81    81    81      9      1      1      1      1      0        5          5          0          2  
     10     0        1        0      35    76    72    81    81    81      9      1      1      1      1      0        5          5          0          2  
     11     0        1        1      32    73    72     .     .     .     10      1      0      .      .      .        2          2          0          2  
     12     0        1        1      32    73    72     .     .     .     10      1      0      .      .      .        2          2          0          2  
     13     0        1        1      34    81     .     .     .     .     11      0      .      .      .      .        1          1          0          1  
     14     1        1        0      50    71    67    56    53     .     12      1      1      1      0      .        4          4          0          3  
     15     1        1        0      50    71    67    56    53     .     12      1      1      1      0      .        4          4          0          3  
     16     1        1        0      50    71    67    56    53     .     12      1      1      1      0      .        4          4          0          3  
     17     0        1        1      51    71     .     .     .     .     13      0      .      .      .      .        1          1          0          1  
     18     0        1        0      22    98    92    95    91    89     14      1      1      1      1      0        5          5          0          2  
     19     0        1        0      22    98    92    95    91    89     14      1      1      1      1      0        5          5          0          2  
     20     0        1        1      19    81    69     .     .     .     15      1      0      .      .      .        2          2          0          1  
     21     0        1        0      39    96    92    95    89    91     18      1      1      1      1      0        5          5          0          1  
     22     1        1        0      44    78    80    83    80    73     20      1      1      1      1      0        5          5          0          2  
     23     1        1        0      44    78    80    83    80    73     20      1      1      1      1      0        5          5          0          2  
     24     1        1        1      51    80    74    68    71    64     22      1      1      1      1      0        5          5          0          2  
     25     1        1        1      51    80    74    68    71    64     22      1      1      1      1      0        5          5          0          2  
The SAS System

          macro                  model       data                                 Null
   Obs    Type       model        Type       Type     trt    tpt    sample       Model       Status    convgMessage                                     source

     1    TMLE     Dropout      Logistic    Main       0      1        .             0            0    Convergence criterion (GCONV=1E-9) satisfied.       3  
     2    TMLE     Dropout      Logistic    Main       0      2        .             0            0    Convergence criterion (GCONV=1E-9) satisfied.       3  
     3    TMLE     Dropout      Logistic    Main       0      3        .             0            0    Convergence criterion (GCONV=1E-9) satisfied.       3  
     4    TMLE     Dropout      Logistic    Main       0      4        .             0            0    Convergence criterion (GCONV=1E-9) satisfied.       3  
     5    TMLE     Dropout      Logistic    Main       1      1        .             0            0    Convergence criterion (GCONV=1E-9) satisfied.       3  
     6    TMLE     Dropout      Logistic    Main       1      2        .             0            0    Convergence criterion (GCONV=1E-9) satisfied.       3  
     7    TMLE     Dropout      Logistic    Main       1      3        .             0            0    Convergence criterion (GCONV=1E-9) satisfied.       3  
     8    TMLE     Dropout      Logistic    Main       1      4        .             0            0    Convergence criterion (GCONV=1E-9) satisfied.       3  
     9    TMLE     Outcome      Linear      Main       0      1        .             .            0    Algorithm converged.                                3  
    10    TMLE     Outcome      Linear      Main       0      2        .             .            0    Algorithm converged.                                3  
    11    TMLE     Outcome      Linear      Main       0      3        .             .            0    Algorithm converged.                                3  
    12    TMLE     Outcome      Linear      Main       0      4        .             .            0    Algorithm converged.                                3  
    13    TMLE     Outcome      Linear      Main       1      1        .             .            0    Algorithm converged.                                3  
    14    TMLE     Outcome      Linear      Main       1      2        .             .            0    Algorithm converged.                                3  
    15    TMLE     Outcome      Linear      Main       1      3        .             .            0    Algorithm converged.                                3  
    16    TMLE     Outcome      Linear      Main       1      4        .             .            0    Algorithm converged.                                3  
    17    TMLE     Treatment    Logistic    Main       .      .        .             0            0    Convergence criterion (GCONV=1E-9) satisfied.       3  
    18    TMLE     Dropout      Logistic    Sample     0      1        1             0            0    Convergence criterion (GCONV=1E-9) satisfied.       3  
    19    TMLE     Dropout      Logistic    Sample     0      1        2             0            0    Convergence criterion (GCONV=1E-9) satisfied.       3  
    20    TMLE     Dropout      Logistic    Sample     0      1        3             0            0    Convergence criterion (GCONV=1E-9) satisfied.       3  
    21    TMLE     Dropout      Logistic    Sample     0      1        4             0            0    Convergence criterion (GCONV=1E-9) satisfied.       3  
    22    TMLE     Dropout      Logistic    Sample     0      1        5             0            0    Convergence criterion (GCONV=1E-9) satisfied.       3  
    23    TMLE     Dropout      Logistic    Sample     0      1        6             0            0    Convergence criterion (GCONV=1E-9) satisfied.       3  
    24    TMLE     Dropout      Logistic    Sample     0      1        7             0            0    Convergence criterion (GCONV=1E-9) satisfied.       3  
    25    TMLE     Dropout      Logistic    Sample     0      1        8             0            0    Convergence criterion (GCONV=1E-9) satisfied.       3  
